#
# There is insufficient memory for the Java Runtime Environment to continue.
# Native memory allocation (malloc) failed to allocate 765136 bytes for Chunk::new
# Possible reasons:
#   The system is out of physical RAM or swap space
#   The process is running with CompressedOops enabled, and the Java Heap may be blocking the growth of the native heap
# Possible solutions:
#   Reduce memory load on the system
#   Increase physical memory or swap space
#   Check if swap backing store is full
#   Decrease Java heap size (-Xmx/-Xms)
#   Decrease number of Java threads
#   Decrease Java thread stack sizes (-Xss)
#   Set larger code cache with -XX:ReservedCodeCacheSize=
#   JVM is running with Unscaled Compressed Oops mode in which the Java heap is
#     placed in the first 4GB address space. The Java Heap base address is the
#     maximum limit for the native heap growth. Please use -XX:HeapBaseMinAddress
#     to set the Java Heap base and to place the Java Heap above 4GB virtual address.
# This output file may be truncated or incomplete.
#
#  Out of Memory Error (t:/workspace/open/src/hotspot/share/memory/arena.cpp:197), pid=14488, tid=1180
#
# JRE version: OpenJDK Runtime Environment (11.0.2+9) (build 11.0.2+9)
# Java VM: OpenJDK 64-Bit Server VM (11.0.2+9, mixed mode, tiered, compressed oops, g1 gc, windows-amd64)
# No core dump will be written. Minidumps are not enabled by default on client versions of Windows
#

---------------  S U M M A R Y ------------

Command Line: --add-opens=java.base/java.util=ALL-UNNAMED --add-opens=java.base/java.lang=ALL-UNNAMED --add-opens=java.base/java.lang.invoke=ALL-UNNAMED --add-opens=java.prefs/java.util.prefs=ALL-UNNAMED -XX:MaxMetaspaceSize=256m -XX:+HeapDumpOnOutOfMemoryError -Xms256m -Xmx512m -Dfile.encoding=windows-1252 -Duser.country=US -Duser.language=en -Duser.variant org.gradle.launcher.daemon.bootstrap.GradleDaemon 6.2

Host: Intel(R) Core(TM) i5-8265U CPU @ 1.60GHz, 8 cores, 7G,  Windows 10 , 64 bit Build 19041 (10.0.19041.662)
Time: Wed Jan  6 09:35:37 2021 Venezuela Standard Time elapsed time: 65 seconds (0d 0h 1m 5s)

---------------  T H R E A D  ---------------

Current thread (0x000002320f1f9000):  JavaThread "C2 CompilerThread2" daemon [_thread_in_native, id=1180, stack(0x0000008f22b00000,0x0000008f22c00000)]


Current CompileTask:
C2:  65303 21165   !   4       java.io.ObjectStreamClass::lookup (334 bytes)

Stack: [0x0000008f22b00000,0x0000008f22c00000]
Native frames: (J=compiled Java code, j=interpreted, Vv=VM code, C=native code)
V  [jvm.dll+0x63489a]
V  [jvm.dll+0x771f9f]
V  [jvm.dll+0x773648]
V  [jvm.dll+0x773d03]
V  [jvm.dll+0x25eba8]
V  [jvm.dll+0xc2191]
V  [jvm.dll+0xc271c]
V  [jvm.dll+0x36cc47]
V  [jvm.dll+0x339b13]
V  [jvm.dll+0x338eea]
V  [jvm.dll+0x2189c5]
V  [jvm.dll+0x217b6a]
V  [jvm.dll+0x194370]
V  [jvm.dll+0x226b3f]
V  [jvm.dll+0x225148]
V  [jvm.dll+0x73774d]
V  [jvm.dll+0x633942]
C  [ucrtbase.dll+0x214c2]
C  [KERNEL32.DLL+0x17034]
C  [ntdll.dll+0x4d0d1]


---------------  P R O C E S S  ---------------

Threads class SMR info:
_java_thread_list=0x000002320a9a3e20, length=78, elements={
0x0000023265705000, 0x000002327f260800, 0x000002327f26b000, 0x000002327fbc9800,
0x000002327fbca800, 0x000002327fbcd800, 0x000002327fbd3000, 0x000002327fbd4000,
0x000002327fd40800, 0x000002327fd8a800, 0x0000023203425000, 0x0000023203c99000,
0x0000023202049000, 0x0000023202d68000, 0x00000232037a7000, 0x0000023203703000,
0x0000023203703800, 0x0000023203700800, 0x0000023203706000, 0x00000232068cb800,
0x00000232068cd000, 0x00000232068ca000, 0x00000232068c8000, 0x00000232068c7800,
0x00000232068d1000, 0x00000232068cf800, 0x00000232068ce000, 0x00000232068d3800,
0x00000232068d4800, 0x00000232068d0800, 0x00000232068d2000, 0x00000232068ce800,
0x00000232068d6000, 0x00000232068d2800, 0x00000232068d5000, 0x0000023203704800,
0x00000232036ff800, 0x0000023203701000, 0x0000023203705800, 0x00000232085df800,
0x00000232085db000, 0x00000232085de000, 0x00000232085db800, 0x00000232085e1800,
0x00000232085df000, 0x00000232085e0800, 0x00000232085e2000, 0x00000232085dc800,
0x00000232085dd000, 0x00000232085e4000, 0x00000232085e4800, 0x00000232085e5800,
0x00000232085e6000, 0x00000232085e7000, 0x00000232085e9800, 0x00000232085e8000,
0x000002320439b800, 0x000002320439e000, 0x0000023204398000, 0x000002320439e800,
0x0000023204399000, 0x00000232043a4800, 0x00000232043a3800, 0x00000232043a3000,
0x00000232043a5000, 0x000002320439f800, 0x00000232043a6000, 0x00000232043a0800,
0x00000232043a1000, 0x00000232043a2000, 0x00000232068ca800, 0x00000232085e3000,
0x000002320f1fa000, 0x000002320f1fa800, 0x000002320f1fb800, 0x000002320f1fd000,
0x000002320f1fe000, 0x000002320f1f9000
}

Java Threads: ( => current thread )
  0x0000023265705000 JavaThread "main" [_thread_blocked, id=11832, stack(0x0000008f1e400000,0x0000008f1e500000)]
  0x000002327f260800 JavaThread "Reference Handler" daemon [_thread_blocked, id=9184, stack(0x0000008f1eb00000,0x0000008f1ec00000)]
  0x000002327f26b000 JavaThread "Finalizer" daemon [_thread_blocked, id=15116, stack(0x0000008f1ec00000,0x0000008f1ed00000)]
  0x000002327fbc9800 JavaThread "Signal Dispatcher" daemon [_thread_blocked, id=1384, stack(0x0000008f1ed00000,0x0000008f1ee00000)]
  0x000002327fbca800 JavaThread "Attach Listener" daemon [_thread_blocked, id=14496, stack(0x0000008f1ee00000,0x0000008f1ef00000)]
  0x000002327fbcd800 JavaThread "C2 CompilerThread0" daemon [_thread_blocked, id=14388, stack(0x0000008f1ef00000,0x0000008f1f000000)]
  0x000002327fbd3000 JavaThread "C1 CompilerThread0" daemon [_thread_blocked, id=12140, stack(0x0000008f1f000000,0x0000008f1f100000)]
  0x000002327fbd4000 JavaThread "Sweeper thread" daemon [_thread_blocked, id=10880, stack(0x0000008f1f100000,0x0000008f1f200000)]
  0x000002327fd40800 JavaThread "Common-Cleaner" daemon [_thread_blocked, id=3596, stack(0x0000008f1f200000,0x0000008f1f300000)]
  0x000002327fd8a800 JavaThread "Service Thread" daemon [_thread_blocked, id=16172, stack(0x0000008f1f300000,0x0000008f1f400000)]
  0x0000023203425000 JavaThread "Daemon health stats" [_thread_blocked, id=11732, stack(0x0000008f1fb00000,0x0000008f1fc00000)]
  0x0000023203c99000 JavaThread "Incoming local TCP Connector on port 56932" [_thread_in_native, id=556, stack(0x0000008f1f500000,0x0000008f1f600000)]
  0x0000023202049000 JavaThread "Daemon periodic checks" [_thread_blocked, id=14828, stack(0x0000008f1fc00000,0x0000008f1fd00000)]
  0x0000023202d68000 JavaThread "Daemon" [_thread_blocked, id=15212, stack(0x0000008f1fd00000,0x0000008f1fe00000)]
  0x00000232037a7000 JavaThread "Daemon worker" [_thread_blocked, id=10220, stack(0x0000008f20000000,0x0000008f20100000)]
  0x0000023203703000 JavaThread "Cache worker for journal cache (C:\Users\Luis\.gradle\caches\journal-1)" [_thread_blocked, id=2056, stack(0x0000008f20400000,0x0000008f20500000)]
  0x0000023203703800 JavaThread "File lock request listener" [_thread_in_native, id=6408, stack(0x0000008f20500000,0x0000008f20600000)]
  0x0000023203700800 JavaThread "Cache worker for file hash cache (C:\Users\Luis\.gradle\caches\6.2\fileHashes)" [_thread_blocked, id=2280, stack(0x0000008f20600000,0x0000008f20700000)]
  0x0000023203706000 JavaThread "Cache worker for execution history cache (C:\Users\Luis\.gradle\caches\6.2\executionHistory)" [_thread_blocked, id=1044, stack(0x0000008f21000000,0x0000008f21100000)]
  0x00000232068cb800 JavaThread "Memory manager" [_thread_blocked, id=10152, stack(0x0000008f21a00000,0x0000008f21b00000)]
  0x00000232068cd000 JavaThread "Handler for socket connection from /127.0.0.1:56932 to /127.0.0.1:56969" [_thread_in_native, id=15140, stack(0x0000008f1fe00000,0x0000008f1ff00000)]
  0x00000232068ca000 JavaThread "Cancel handler" [_thread_blocked, id=14120, stack(0x0000008f1ff00000,0x0000008f20000000)]
  0x00000232068c8000 JavaThread "Asynchronous log dispatcher for DefaultDaemonConnection: socket connection from /127.0.0.1:56932 to /127.0.0.1:56969" [_thread_blocked, id=13740, stack(0x0000008f20100000,0x0000008f20200000)]
  0x00000232068c7800 JavaThread "Stdin handler" [_thread_blocked, id=11864, stack(0x0000008f20200000,0x0000008f20300000)]
  0x00000232068d1000 JavaThread "Thread-39" [_thread_blocked, id=9960, stack(0x0000008f20300000,0x0000008f20400000)]
  0x00000232068cf800 JavaThread "Cache worker for checksums cache (D:\Proyectos\ReactNative\Pronosticods\v1\Pronosticods-v1\android\.gradle\checksums)" [_thread_blocked, id=4040, stack(0x0000008f20a00000,0x0000008f20b00000)]
  0x00000232068ce000 JavaThread "Cache worker for file hash cache (D:\Proyectos\ReactNative\Pronosticods\v1\Pronosticods-v1\android\.gradle\6.2\fileHashes)" [_thread_blocked, id=15740, stack(0x0000008f20b00000,0x0000008f20c00000)]
  0x00000232068d3800 JavaThread "Cache worker for cache directory md-supplier (C:\Users\Luis\.gradle\caches\6.2\md-supplier)" [_thread_blocked, id=6740, stack(0x0000008f20c00000,0x0000008f20d00000)]
  0x00000232068d4800 JavaThread "Cache worker for cache directory md-rule (C:\Users\Luis\.gradle\caches\6.2\md-rule)" [_thread_blocked, id=13964, stack(0x0000008f20d00000,0x0000008f20e00000)]
  0x00000232068d0800 JavaThread "Build operations" [_thread_blocked, id=9368, stack(0x0000008f20e00000,0x0000008f20f00000)]
  0x00000232068d2000 JavaThread "Build operations Thread 2" [_thread_blocked, id=9180, stack(0x0000008f21100000,0x0000008f21200000)]
  0x00000232068ce800 JavaThread "Build operations Thread 3" [_thread_blocked, id=2448, stack(0x0000008f21200000,0x0000008f21300000)]
  0x00000232068d6000 JavaThread "Build operations Thread 4" [_thread_blocked, id=4564, stack(0x0000008f21300000,0x0000008f21400000)]
  0x00000232068d2800 JavaThread "Build operations Thread 5" [_thread_blocked, id=11708, stack(0x0000008f21400000,0x0000008f21500000)]
  0x00000232068d5000 JavaThread "Build operations Thread 6" [_thread_blocked, id=12984, stack(0x0000008f21500000,0x0000008f21600000)]
  0x0000023203704800 JavaThread "Build operations Thread 7" [_thread_blocked, id=15156, stack(0x0000008f21600000,0x0000008f21700000)]
  0x00000232036ff800 JavaThread "Build operations Thread 8" [_thread_blocked, id=14568, stack(0x0000008f21700000,0x0000008f21800000)]
  0x0000023203701000 JavaThread "Cache worker for Build Output Cleanup Cache (D:\Proyectos\ReactNative\Pronosticods\v1\Pronosticods-v1\android\.gradle\buildOutputCleanup)" [_thread_blocked, id=8440, stack(0x0000008f21800000,0x0000008f21900000)]
  0x0000023203705800 JavaThread "Cache worker for file content cache (C:\Users\Luis\.gradle\caches\6.2\fileContent)" [_thread_blocked, id=15552, stack(0x0000008f22000000,0x0000008f22100000)]
  0x00000232085df800 JavaThread "Cache worker for file content cache (D:\Proyectos\ReactNative\Pronosticods\v1\Pronosticods-v1\android\.gradle\6.2\fileContent)" [_thread_blocked, id=12620, stack(0x0000008f22100000,0x0000008f22200000)]
  0x00000232085db000 JavaThread "Execution worker for ':'" [_thread_blocked, id=11320, stack(0x0000008f22200000,0x0000008f22300000)]
  0x00000232085de000 JavaThread "Execution worker for ':' Thread 2" [_thread_blocked, id=1272, stack(0x0000008f22300000,0x0000008f22400000)]
  0x00000232085db800 JavaThread "Execution worker for ':' Thread 3" [_thread_blocked, id=732, stack(0x0000008f22400000,0x0000008f22500000)]
  0x00000232085e1800 JavaThread "Execution worker for ':' Thread 4" [_thread_blocked, id=10828, stack(0x0000008f22500000,0x0000008f22600000)]
  0x00000232085df000 JavaThread "Execution worker for ':' Thread 5" [_thread_blocked, id=5272, stack(0x0000008f22600000,0x0000008f22700000)]
  0x00000232085e0800 JavaThread "Execution worker for ':' Thread 6" [_thread_blocked, id=7532, stack(0x0000008f22700000,0x0000008f22800000)]
  0x00000232085e2000 JavaThread "Execution worker for ':' Thread 7" [_thread_blocked, id=4472, stack(0x0000008f22800000,0x0000008f22900000)]
  0x00000232085dc800 JavaThread "Cache worker for execution history cache (D:\Proyectos\ReactNative\Pronosticods\v1\Pronosticods-v1\android\.gradle\6.2\executionHistory)" [_thread_blocked, id=12896, stack(0x0000008f22900000,0x0000008f22a00000)]
  0x00000232085dd000 JavaThread "WorkerExecutor Queue Thread 2" [_thread_in_native, id=11428, stack(0x0000008f22a00000,0x0000008f22b00000)]
  0x00000232085e4000 JavaThread "WorkerExecutor Queue Thread 4" [_thread_in_native, id=1572, stack(0x0000008f22d00000,0x0000008f22e00000)]
  0x00000232085e4800 JavaThread "WorkerExecutor Queue Thread 5" [_thread_in_native, id=12064, stack(0x0000008f22e00000,0x0000008f22f00000)]
  0x00000232085e5800 JavaThread "WorkerExecutor Queue Thread 6" [_thread_in_native, id=15880, stack(0x0000008f22f00000,0x0000008f23000000)]
  0x00000232085e6000 JavaThread "WorkerExecutor Queue Thread 7" [_thread_in_native, id=12376, stack(0x0000008f23000000,0x0000008f23100000)]
  0x00000232085e7000 JavaThread "WorkerExecutor Queue Thread 8" [_thread_in_native, id=14804, stack(0x0000008f23100000,0x0000008f23200000)]
  0x00000232085e9800 JavaThread "Cache worker for Java compile cache (C:\Users\Luis\.gradle\caches\6.2\javaCompile)" [_thread_blocked, id=14996, stack(0x0000008f23200000,0x0000008f23300000)]
  0x00000232085e8000 JavaThread "Cache worker for Java compile cache (D:\Proyectos\ReactNative\Pronosticods\v1\Pronosticods-v1\android\.gradle\6.2\javaCompile)" [_thread_blocked, id=9924, stack(0x0000008f23300000,0x0000008f23400000)]
  0x000002320439b800 JavaThread "WorkerExecutor Queue Thread 9" [_thread_in_native, id=10724, stack(0x0000008f21b00000,0x0000008f21c00000)]
  0x000002320439e000 JavaThread "pool-3-thread-1" [_thread_blocked, id=13252, stack(0x0000008f23400000,0x0000008f23500000)]
  0x0000023204398000 JavaThread "stderr" [_thread_in_native, id=14020, stack(0x0000008f23500000,0x0000008f23600000)]
  0x000002320439e800 JavaThread "stdout" [_thread_in_native, id=14364, stack(0x0000008f23600000,0x0000008f23700000)]
  0x0000023204399000 JavaThread "stderr" [_thread_in_native, id=5256, stack(0x0000008f23700000,0x0000008f23800000)]
  0x00000232043a4800 JavaThread "stdout" [_thread_in_native, id=16232, stack(0x0000008f23800000,0x0000008f23900000)]
  0x00000232043a3800 JavaThread "stderr" [_thread_in_native, id=15296, stack(0x0000008f23900000,0x0000008f23a00000)]
  0x00000232043a3000 JavaThread "stdout" [_thread_in_native, id=16056, stack(0x0000008f23a00000,0x0000008f23b00000)]
  0x00000232043a5000 JavaThread "stderr" [_thread_in_native, id=7984, stack(0x0000008f23b00000,0x0000008f23c00000)]
  0x000002320439f800 JavaThread "stdout" [_thread_in_native, id=3224, stack(0x0000008f23c00000,0x0000008f23d00000)]
  0x00000232043a6000 JavaThread "stderr" [_thread_in_native, id=13500, stack(0x0000008f23d00000,0x0000008f23e00000)]
  0x00000232043a0800 JavaThread "stdout" [_thread_in_native, id=12108, stack(0x0000008f23e00000,0x0000008f23f00000)]
  0x00000232043a1000 JavaThread "stderr" [_thread_in_native, id=13424, stack(0x0000008f23f00000,0x0000008f24000000)]
  0x00000232043a2000 JavaThread "stdout" [_thread_in_native, id=7752, stack(0x0000008f24000000,0x0000008f24100000)]
  0x00000232068ca800 JavaThread "stderr" [_thread_in_native, id=12904, stack(0x0000008f24100000,0x0000008f24200000)]
  0x00000232085e3000 JavaThread "stdout" [_thread_in_native, id=8504, stack(0x0000008f24200000,0x0000008f24300000)]
  0x000002320f1fa000 JavaThread "stderr" [_thread_in_native, id=10980, stack(0x0000008f24300000,0x0000008f24400000)]
  0x000002320f1fa800 JavaThread "stdout" [_thread_in_native, id=10436, stack(0x0000008f24400000,0x0000008f24500000)]
  0x000002320f1fb800 JavaThread "C2 CompilerThread1" daemon [_thread_blocked, id=448, stack(0x0000008f1e100000,0x0000008f1e200000)]
  0x000002320f1fd000 JavaThread "WorkerExecutor Queue Thread 10" [_thread_blocked, id=14220, stack(0x0000008f1e200000,0x0000008f1e300000)]
  0x000002320f1fe000 JavaThread "WorkerExecutor Queue Thread 11" [_thread_in_native, id=15104, stack(0x0000008f21900000,0x0000008f21a00000)]
=>0x000002320f1f9000 JavaThread "C2 CompilerThread2" daemon [_thread_in_native, id=1180, stack(0x0000008f22b00000,0x0000008f22c00000)]

Other Threads:
  0x000002327f23d800 VMThread "VM Thread" [stack: 0x0000008f1ea00000,0x0000008f1eb00000] [id=16316]
  0x000002327fd8c000 WatcherThread [stack: 0x0000008f1f400000,0x0000008f1f500000] [id=13812]
  0x000002326571c800 GCTaskThread "GC Thread#0" [stack: 0x0000008f1e500000,0x0000008f1e600000] [id=5144]
  0x0000023202742800 GCTaskThread "GC Thread#1" [stack: 0x0000008f1f600000,0x0000008f1f700000] [id=12900]
  0x0000023202858800 GCTaskThread "GC Thread#2" [stack: 0x0000008f1f700000,0x0000008f1f800000] [id=8588]
  0x0000023202859000 GCTaskThread "GC Thread#3" [stack: 0x0000008f1f800000,0x0000008f1f900000] [id=14648]
  0x0000023202859800 GCTaskThread "GC Thread#4" [stack: 0x0000008f1f900000,0x0000008f1fa00000] [id=15056]
  0x0000023202870800 GCTaskThread "GC Thread#5" [stack: 0x0000008f1fa00000,0x0000008f1fb00000] [id=4340]
  0x00000232034e5000 GCTaskThread "GC Thread#6" [stack: 0x0000008f20700000,0x0000008f20800000] [id=10364]
  0x00000232030d7800 GCTaskThread "GC Thread#7" [stack: 0x0000008f20800000,0x0000008f20900000] [id=11980]
  0x000002326572e000 ConcurrentGCThread "G1 Main Marker" [stack: 0x0000008f1e600000,0x0000008f1e700000] [id=8804]
  0x0000023265731800 ConcurrentGCThread "G1 Conc#0" [stack: 0x0000008f1e700000,0x0000008f1e800000] [id=11920]
  0x0000023202618000 ConcurrentGCThread "G1 Conc#1" [stack: 0x0000008f20900000,0x0000008f20a00000] [id=2696]
  0x00000232657dd800 ConcurrentGCThread "G1 Refine#0" [stack: 0x0000008f1e800000,0x0000008f1e900000] [id=15732]
  0x00000232064f5000 ConcurrentGCThread "G1 Refine#1" [stack: 0x0000008f20f00000,0x0000008f21000000] [id=2516]
  0x00000232064f6800 ConcurrentGCThread "G1 Refine#2" [stack: 0x0000008f21c00000,0x0000008f21d00000] [id=820]
  0x00000232064f4800 ConcurrentGCThread "G1 Refine#3" [stack: 0x0000008f21d00000,0x0000008f21e00000] [id=12848]
  0x000002327f0d8800 ConcurrentGCThread "G1 Young RemSet Sampling" [stack: 0x0000008f1e900000,0x0000008f1ea00000] [id=12468]

Threads with active compile tasks:
C2 CompilerThread221165   !   4       java.io.ObjectStreamClass::lookup (334 bytes)

VM state:not at safepoint (normal execution)

VM Mutex/Monitor currently owned by a thread: None

Heap address: 0x00000000e0000000, size: 512 MB, Compressed Oops mode: 32-bit
Narrow klass base: 0x0000000000000000, Narrow klass shift: 3
Compressed class space size: 260046848 Address: 0x0000000100000000

Heap:
 garbage-first heap   total 262144K, used 170724K [0x00000000e0000000, 0x0000000100000000)
  region size 1024K, 4 young (4096K), 3 survivors (3072K)
 Metaspace       used 100418K, capacity 104520K, committed 104616K, reserved 346112K
  class space    used 12131K, capacity 13558K, committed 13644K, reserved 253952K
Heap Regions: E=young(eden), S=young(survivor), O=old, HS=humongous(starts), HC=humongous(continues), CS=collection set, F=free, A=archive, TAMS=top-at-mark-start (previous, next)
|   0|0x00000000e0000000, 0x00000000e0100000, 0x00000000e0100000|100%| O|  |TAMS 0x00000000e0100000, 0x00000000e0000000| Untracked 
|   1|0x00000000e0100000, 0x00000000e0200000, 0x00000000e0200000|100%| O|  |TAMS 0x00000000e0200000, 0x00000000e0100000| Untracked 
|   2|0x00000000e0200000, 0x00000000e0300000, 0x00000000e0300000|100%| O|  |TAMS 0x00000000e0300000, 0x00000000e0200000| Untracked 
|   3|0x00000000e0300000, 0x00000000e0400000, 0x00000000e0400000|100%|HS|  |TAMS 0x00000000e0400000, 0x00000000e0300000| Complete 
|   4|0x00000000e0400000, 0x00000000e0500000, 0x00000000e0500000|100%|HC|  |TAMS 0x00000000e0500000, 0x00000000e0400000| Complete 
|   5|0x00000000e0500000, 0x00000000e0600000, 0x00000000e0600000|100%|HC|  |TAMS 0x00000000e0600000, 0x00000000e0500000| Complete 
|   6|0x00000000e0600000, 0x00000000e0700000, 0x00000000e0700000|100%| O|  |TAMS 0x00000000e0700000, 0x00000000e0600000| Untracked 
|   7|0x00000000e0700000, 0x00000000e0800000, 0x00000000e0800000|100%| O|  |TAMS 0x00000000e0800000, 0x00000000e0700000| Untracked 
|   8|0x00000000e0800000, 0x00000000e0900000, 0x00000000e0900000|100%| O|  |TAMS 0x00000000e0900000, 0x00000000e0800000| Untracked 
|   9|0x00000000e0900000, 0x00000000e0a00000, 0x00000000e0a00000|100%| O|  |TAMS 0x00000000e0a00000, 0x00000000e0900000| Untracked 
|  10|0x00000000e0a00000, 0x00000000e0b00000, 0x00000000e0b00000|100%| O|  |TAMS 0x00000000e0b00000, 0x00000000e0a00000| Untracked 
|  11|0x00000000e0b00000, 0x00000000e0c00000, 0x00000000e0c00000|100%| O|  |TAMS 0x00000000e0c00000, 0x00000000e0b00000| Untracked 
|  12|0x00000000e0c00000, 0x00000000e0d00000, 0x00000000e0d00000|100%| O|  |TAMS 0x00000000e0d00000, 0x00000000e0c00000| Untracked 
|  13|0x00000000e0d00000, 0x00000000e0e00000, 0x00000000e0e00000|100%| O|  |TAMS 0x00000000e0e00000, 0x00000000e0d00000| Untracked 
|  14|0x00000000e0e00000, 0x00000000e0f00000, 0x00000000e0f00000|100%| O|  |TAMS 0x00000000e0f00000, 0x00000000e0e00000| Untracked 
|  15|0x00000000e0f00000, 0x00000000e1000000, 0x00000000e1000000|100%| O|  |TAMS 0x00000000e1000000, 0x00000000e0f00000| Untracked 
|  16|0x00000000e1000000, 0x00000000e1100000, 0x00000000e1100000|100%|HS|  |TAMS 0x00000000e1100000, 0x00000000e1000000| Complete 
|  17|0x00000000e1100000, 0x00000000e1200000, 0x00000000e1200000|100%|HC|  |TAMS 0x00000000e1200000, 0x00000000e1100000| Complete 
|  18|0x00000000e1200000, 0x00000000e1300000, 0x00000000e1300000|100%| O|  |TAMS 0x00000000e1300000, 0x00000000e1200000| Untracked 
|  19|0x00000000e1300000, 0x00000000e1400000, 0x00000000e1400000|100%| O|  |TAMS 0x00000000e1400000, 0x00000000e1300000| Untracked 
|  20|0x00000000e1400000, 0x00000000e1500000, 0x00000000e1500000|100%| O|  |TAMS 0x00000000e1500000, 0x00000000e1400000| Untracked 
|  21|0x00000000e1500000, 0x00000000e1600000, 0x00000000e1600000|100%| O|  |TAMS 0x00000000e1600000, 0x00000000e1500000| Untracked 
|  22|0x00000000e1600000, 0x00000000e1700000, 0x00000000e1700000|100%| O|  |TAMS 0x00000000e1700000, 0x00000000e1600000| Untracked 
|  23|0x00000000e1700000, 0x00000000e1800000, 0x00000000e1800000|100%| O|  |TAMS 0x00000000e1800000, 0x00000000e1700000| Untracked 
|  24|0x00000000e1800000, 0x00000000e1900000, 0x00000000e1900000|100%| O|  |TAMS 0x00000000e1900000, 0x00000000e1800000| Untracked 
|  25|0x00000000e1900000, 0x00000000e1a00000, 0x00000000e1a00000|100%| O|  |TAMS 0x00000000e1a00000, 0x00000000e1900000| Untracked 
|  26|0x00000000e1a00000, 0x00000000e1b00000, 0x00000000e1b00000|100%| O|  |TAMS 0x00000000e1b00000, 0x00000000e1a00000| Untracked 
|  27|0x00000000e1b00000, 0x00000000e1c00000, 0x00000000e1c00000|100%| O|  |TAMS 0x00000000e1c00000, 0x00000000e1b00000| Complete 
|  28|0x00000000e1c00000, 0x00000000e1d00000, 0x00000000e1d00000|100%| O|  |TAMS 0x00000000e1d00000, 0x00000000e1c00000| Complete 
|  29|0x00000000e1d00000, 0x00000000e1e00000, 0x00000000e1e00000|100%| O|  |TAMS 0x00000000e1e00000, 0x00000000e1d00000| Untracked 
|  30|0x00000000e1e00000, 0x00000000e1f00000, 0x00000000e1f00000|100%| O|  |TAMS 0x00000000e1f00000, 0x00000000e1e00000| Untracked 
|  31|0x00000000e1f00000, 0x00000000e2000000, 0x00000000e2000000|100%| O|  |TAMS 0x00000000e2000000, 0x00000000e1f00000| Untracked 
|  32|0x00000000e2000000, 0x00000000e2100000, 0x00000000e2100000|100%| O|  |TAMS 0x00000000e2100000, 0x00000000e2000000| Untracked 
|  33|0x00000000e2100000, 0x00000000e2200000, 0x00000000e2200000|100%| O|  |TAMS 0x00000000e2200000, 0x00000000e2100000| Untracked 
|  34|0x00000000e2200000, 0x00000000e2300000, 0x00000000e2300000|100%| O|  |TAMS 0x00000000e2300000, 0x00000000e2200000| Untracked 
|  35|0x00000000e2300000, 0x00000000e2400000, 0x00000000e2400000|100%| O|  |TAMS 0x00000000e2400000, 0x00000000e2300000| Complete 
|  36|0x00000000e2400000, 0x00000000e2500000, 0x00000000e2500000|100%| O|  |TAMS 0x00000000e2500000, 0x00000000e2400000| Untracked 
|  37|0x00000000e2500000, 0x00000000e2600000, 0x00000000e2600000|100%| O|  |TAMS 0x00000000e2600000, 0x00000000e2500000| Untracked 
|  38|0x00000000e2600000, 0x00000000e2700000, 0x00000000e2700000|100%| O|  |TAMS 0x00000000e2700000, 0x00000000e2600000| Untracked 
|  39|0x00000000e2700000, 0x00000000e2800000, 0x00000000e2800000|100%| O|  |TAMS 0x00000000e2800000, 0x00000000e2700000| Untracked 
|  40|0x00000000e2800000, 0x00000000e2900000, 0x00000000e2900000|100%| O|  |TAMS 0x00000000e2900000, 0x00000000e2800000| Untracked 
|  41|0x00000000e2900000, 0x00000000e2a00000, 0x00000000e2a00000|100%| O|  |TAMS 0x00000000e2a00000, 0x00000000e2900000| Complete 
|  42|0x00000000e2a00000, 0x00000000e2b00000, 0x00000000e2b00000|100%| O|  |TAMS 0x00000000e2b00000, 0x00000000e2a00000| Untracked 
|  43|0x00000000e2b00000, 0x00000000e2c00000, 0x00000000e2c00000|100%|HS|  |TAMS 0x00000000e2c00000, 0x00000000e2b00000| Complete 
|  44|0x00000000e2c00000, 0x00000000e2d00000, 0x00000000e2d00000|100%|HC|  |TAMS 0x00000000e2d00000, 0x00000000e2c00000| Complete 
|  45|0x00000000e2d00000, 0x00000000e2e00000, 0x00000000e2e00000|100%|HS|  |TAMS 0x00000000e2e00000, 0x00000000e2d00000| Complete 
|  46|0x00000000e2e00000, 0x00000000e2f00000, 0x00000000e2f00000|100%|HC|  |TAMS 0x00000000e2f00000, 0x00000000e2e00000| Complete 
|  47|0x00000000e2f00000, 0x00000000e3000000, 0x00000000e3000000|100%|HC|  |TAMS 0x00000000e3000000, 0x00000000e2f00000| Complete 
|  48|0x00000000e3000000, 0x00000000e3100000, 0x00000000e3100000|100%| O|  |TAMS 0x00000000e3100000, 0x00000000e3000000| Untracked 
|  49|0x00000000e3100000, 0x00000000e3200000, 0x00000000e3200000|100%| O|  |TAMS 0x00000000e3200000, 0x00000000e3100000| Untracked 
|  50|0x00000000e3200000, 0x00000000e3300000, 0x00000000e3300000|100%| O|  |TAMS 0x00000000e3300000, 0x00000000e3200000| Complete 
|  51|0x00000000e3300000, 0x00000000e3300000, 0x00000000e3400000|  0%| F|  |TAMS 0x00000000e3300000, 0x00000000e3300000| Untracked 
|  52|0x00000000e3400000, 0x00000000e3500000, 0x00000000e3500000|100%| O|  |TAMS 0x00000000e3500000, 0x00000000e3400000| Untracked 
|  53|0x00000000e3500000, 0x00000000e3600000, 0x00000000e3600000|100%| O|  |TAMS 0x00000000e3600000, 0x00000000e3500000| Complete 
|  54|0x00000000e3600000, 0x00000000e3700000, 0x00000000e3700000|100%| O|  |TAMS 0x00000000e3700000, 0x00000000e3600000| Complete 
|  55|0x00000000e3700000, 0x00000000e3800000, 0x00000000e3800000|100%| O|  |TAMS 0x00000000e3800000, 0x00000000e3700000| Complete 
|  56|0x00000000e3800000, 0x00000000e3900000, 0x00000000e3900000|100%| O|  |TAMS 0x00000000e3900000, 0x00000000e3800000| Complete 
|  57|0x00000000e3900000, 0x00000000e3a00000, 0x00000000e3a00000|100%| O|  |TAMS 0x00000000e3a00000, 0x00000000e3900000| Complete 
|  58|0x00000000e3a00000, 0x00000000e3b00000, 0x00000000e3b00000|100%| O|  |TAMS 0x00000000e3b00000, 0x00000000e3a00000| Complete 
|  59|0x00000000e3b00000, 0x00000000e3c00000, 0x00000000e3c00000|100%| O|  |TAMS 0x00000000e3c00000, 0x00000000e3b00000| Complete 
|  60|0x00000000e3c00000, 0x00000000e3d00000, 0x00000000e3d00000|100%| O|  |TAMS 0x00000000e3d00000, 0x00000000e3c00000| Complete 
|  61|0x00000000e3d00000, 0x00000000e3e00000, 0x00000000e3e00000|100%| O|  |TAMS 0x00000000e3e00000, 0x00000000e3d00000| Complete 
|  62|0x00000000e3e00000, 0x00000000e3f00000, 0x00000000e3f00000|100%| O|  |TAMS 0x00000000e3f00000, 0x00000000e3e00000| Complete 
|  63|0x00000000e3f00000, 0x00000000e4000000, 0x00000000e4000000|100%| O|  |TAMS 0x00000000e4000000, 0x00000000e3f00000| Complete 
|  64|0x00000000e4000000, 0x00000000e4000000, 0x00000000e4100000|  0%| F|  |TAMS 0x00000000e4000000, 0x00000000e4000000| Untracked 
|  65|0x00000000e4100000, 0x00000000e4200000, 0x00000000e4200000|100%| O|  |TAMS 0x00000000e4200000, 0x00000000e4100000| Untracked 
|  66|0x00000000e4200000, 0x00000000e4300000, 0x00000000e4300000|100%| O|  |TAMS 0x00000000e4300000, 0x00000000e4200000| Untracked 
|  67|0x00000000e4300000, 0x00000000e4400000, 0x00000000e4400000|100%| O|  |TAMS 0x00000000e4400000, 0x00000000e4300000| Complete 
|  68|0x00000000e4400000, 0x00000000e4500000, 0x00000000e4500000|100%| O|  |TAMS 0x00000000e4500000, 0x00000000e4400000| Complete 
|  69|0x00000000e4500000, 0x00000000e4600000, 0x00000000e4600000|100%| O|  |TAMS 0x00000000e4600000, 0x00000000e4500000| Untracked 
|  70|0x00000000e4600000, 0x00000000e4700000, 0x00000000e4700000|100%| O|  |TAMS 0x00000000e4700000, 0x00000000e4600000| Complete 
|  71|0x00000000e4700000, 0x00000000e4800000, 0x00000000e4800000|100%| O|  |TAMS 0x00000000e4800000, 0x00000000e4700000| Complete 
|  72|0x00000000e4800000, 0x00000000e4900000, 0x00000000e4900000|100%| O|  |TAMS 0x00000000e4900000, 0x00000000e4800000| Complete 
|  73|0x00000000e4900000, 0x00000000e4a00000, 0x00000000e4a00000|100%| O|  |TAMS 0x00000000e4a00000, 0x00000000e4900000| Complete 
|  74|0x00000000e4a00000, 0x00000000e4b00000, 0x00000000e4b00000|100%| O|  |TAMS 0x00000000e4b00000, 0x00000000e4a00000| Complete 
|  75|0x00000000e4b00000, 0x00000000e4c00000, 0x00000000e4c00000|100%| O|  |TAMS 0x00000000e4c00000, 0x00000000e4b00000| Untracked 
|  76|0x00000000e4c00000, 0x00000000e4ccb200, 0x00000000e4d00000| 79%| O|  |TAMS 0x00000000e4c00000, 0x00000000e4c00000| Untracked 
|  77|0x00000000e4d00000, 0x00000000e4d00000, 0x00000000e4e00000|  0%| F|  |TAMS 0x00000000e4d00000, 0x00000000e4d00000| Untracked 
|  78|0x00000000e4e00000, 0x00000000e4f00000, 0x00000000e4f00000|100%| O|  |TAMS 0x00000000e4f00000, 0x00000000e4e00000| Untracked 
|  79|0x00000000e4f00000, 0x00000000e4f00000, 0x00000000e5000000|  0%| F|  |TAMS 0x00000000e4f00000, 0x00000000e4f00000| Untracked 
|  80|0x00000000e5000000, 0x00000000e5000000, 0x00000000e5100000|  0%| F|  |TAMS 0x00000000e5000000, 0x00000000e5000000| Untracked 
|  81|0x00000000e5100000, 0x00000000e5200000, 0x00000000e5200000|100%| O|  |TAMS 0x00000000e5200000, 0x00000000e5100000| Complete 
|  82|0x00000000e5200000, 0x00000000e5300000, 0x00000000e5300000|100%| O|  |TAMS 0x00000000e5300000, 0x00000000e5200000| Untracked 
|  83|0x00000000e5300000, 0x00000000e5400000, 0x00000000e5400000|100%| O|  |TAMS 0x00000000e5400000, 0x00000000e5300000| Complete 
|  84|0x00000000e5400000, 0x00000000e5500000, 0x00000000e5500000|100%| O|  |TAMS 0x00000000e5500000, 0x00000000e5400000| Complete 
|  85|0x00000000e5500000, 0x00000000e5600000, 0x00000000e5600000|100%| O|  |TAMS 0x00000000e5600000, 0x00000000e5500000| Untracked 
|  86|0x00000000e5600000, 0x00000000e5700000, 0x00000000e5700000|100%| O|  |TAMS 0x00000000e5700000, 0x00000000e5600000| Untracked 
|  87|0x00000000e5700000, 0x00000000e5800000, 0x00000000e5800000|100%| O|  |TAMS 0x00000000e5800000, 0x00000000e5700000| Untracked 
|  88|0x00000000e5800000, 0x00000000e5900000, 0x00000000e5900000|100%| O|  |TAMS 0x00000000e5900000, 0x00000000e5800000| Untracked 
|  89|0x00000000e5900000, 0x00000000e5a00000, 0x00000000e5a00000|100%| O|  |TAMS 0x00000000e5a00000, 0x00000000e5900000| Untracked 
|  90|0x00000000e5a00000, 0x00000000e5b00000, 0x00000000e5b00000|100%| O|  |TAMS 0x00000000e5b00000, 0x00000000e5a00000| Untracked 
|  91|0x00000000e5b00000, 0x00000000e5c00000, 0x00000000e5c00000|100%| O|  |TAMS 0x00000000e5c00000, 0x00000000e5b00000| Untracked 
|  92|0x00000000e5c00000, 0x00000000e5d00000, 0x00000000e5d00000|100%| O|  |TAMS 0x00000000e5d00000, 0x00000000e5c00000| Untracked 
|  93|0x00000000e5d00000, 0x00000000e5e00000, 0x00000000e5e00000|100%| O|  |TAMS 0x00000000e5e00000, 0x00000000e5d00000| Untracked 
|  94|0x00000000e5e00000, 0x00000000e5f00000, 0x00000000e5f00000|100%| O|  |TAMS 0x00000000e5f00000, 0x00000000e5e00000| Untracked 
|  95|0x00000000e5f00000, 0x00000000e6000000, 0x00000000e6000000|100%| O|  |TAMS 0x00000000e6000000, 0x00000000e5f00000| Untracked 
|  96|0x00000000e6000000, 0x00000000e6100000, 0x00000000e6100000|100%| O|  |TAMS 0x00000000e6100000, 0x00000000e6000000| Untracked 
|  97|0x00000000e6100000, 0x00000000e6200000, 0x00000000e6200000|100%| O|  |TAMS 0x00000000e6200000, 0x00000000e6100000| Untracked 
|  98|0x00000000e6200000, 0x00000000e6300000, 0x00000000e6300000|100%| O|  |TAMS 0x00000000e6300000, 0x00000000e6200000| Untracked 
|  99|0x00000000e6300000, 0x00000000e6400000, 0x00000000e6400000|100%| O|  |TAMS 0x00000000e6400000, 0x00000000e6300000| Untracked 
| 100|0x00000000e6400000, 0x00000000e6500000, 0x00000000e6500000|100%| O|  |TAMS 0x00000000e6500000, 0x00000000e6400000| Complete 
| 101|0x00000000e6500000, 0x00000000e6600000, 0x00000000e6600000|100%| O|  |TAMS 0x00000000e6600000, 0x00000000e6500000| Complete 
| 102|0x00000000e6600000, 0x00000000e6600000, 0x00000000e6700000|  0%| F|  |TAMS 0x00000000e6600000, 0x00000000e6600000| Untracked 
| 103|0x00000000e6700000, 0x00000000e6800000, 0x00000000e6800000|100%| O|  |TAMS 0x00000000e6800000, 0x00000000e6700000| Complete 
| 104|0x00000000e6800000, 0x00000000e6900000, 0x00000000e6900000|100%| O|  |TAMS 0x00000000e6900000, 0x00000000e6800000| Untracked 
| 105|0x00000000e6900000, 0x00000000e6a00000, 0x00000000e6a00000|100%| O|  |TAMS 0x00000000e6a00000, 0x00000000e6900000| Untracked 
| 106|0x00000000e6a00000, 0x00000000e6b00000, 0x00000000e6b00000|100%| O|  |TAMS 0x00000000e6b00000, 0x00000000e6a00000| Untracked 
| 107|0x00000000e6b00000, 0x00000000e6c00000, 0x00000000e6c00000|100%| O|  |TAMS 0x00000000e6c00000, 0x00000000e6b00000| Untracked 
| 108|0x00000000e6c00000, 0x00000000e6d00000, 0x00000000e6d00000|100%| O|  |TAMS 0x00000000e6d00000, 0x00000000e6c00000| Untracked 
| 109|0x00000000e6d00000, 0x00000000e6e00000, 0x00000000e6e00000|100%| O|  |TAMS 0x00000000e6e00000, 0x00000000e6d00000| Complete 
| 110|0x00000000e6e00000, 0x00000000e6f00000, 0x00000000e6f00000|100%| O|  |TAMS 0x00000000e6f00000, 0x00000000e6e00000| Complete 
| 111|0x00000000e6f00000, 0x00000000e7000000, 0x00000000e7000000|100%| O|  |TAMS 0x00000000e7000000, 0x00000000e6f00000| Untracked 
| 112|0x00000000e7000000, 0x00000000e7100000, 0x00000000e7100000|100%| O|  |TAMS 0x00000000e7100000, 0x00000000e7000000| Untracked 
| 113|0x00000000e7100000, 0x00000000e7200000, 0x00000000e7200000|100%| O|  |TAMS 0x00000000e7200000, 0x00000000e7100000| Untracked 
| 114|0x00000000e7200000, 0x00000000e7300000, 0x00000000e7300000|100%| O|  |TAMS 0x00000000e7300000, 0x00000000e7200000| Untracked 
| 115|0x00000000e7300000, 0x00000000e7400000, 0x00000000e7400000|100%| O|  |TAMS 0x00000000e7400000, 0x00000000e7300000| Untracked 
| 116|0x00000000e7400000, 0x00000000e7500000, 0x00000000e7500000|100%| O|  |TAMS 0x00000000e7500000, 0x00000000e7400000| Untracked 
| 117|0x00000000e7500000, 0x00000000e7600000, 0x00000000e7600000|100%| O|  |TAMS 0x00000000e7600000, 0x00000000e7500000| Untracked 
| 118|0x00000000e7600000, 0x00000000e7700000, 0x00000000e7700000|100%| O|  |TAMS 0x00000000e7700000, 0x00000000e7600000| Untracked 
| 119|0x00000000e7700000, 0x00000000e7800000, 0x00000000e7800000|100%| O|  |TAMS 0x00000000e7800000, 0x00000000e7700000| Complete 
| 120|0x00000000e7800000, 0x00000000e7800000, 0x00000000e7900000|  0%| F|  |TAMS 0x00000000e7800000, 0x00000000e7800000| Untracked 
| 121|0x00000000e7900000, 0x00000000e7a00000, 0x00000000e7a00000|100%| O|  |TAMS 0x00000000e7a00000, 0x00000000e7900000| Complete 
| 122|0x00000000e7a00000, 0x00000000e7a00000, 0x00000000e7b00000|  0%| F|  |TAMS 0x00000000e7a00000, 0x00000000e7a00000| Untracked 
| 123|0x00000000e7b00000, 0x00000000e7c00000, 0x00000000e7c00000|100%| O|  |TAMS 0x00000000e7c00000, 0x00000000e7b00000| Untracked 
| 124|0x00000000e7c00000, 0x00000000e7d00000, 0x00000000e7d00000|100%| O|  |TAMS 0x00000000e7d00000, 0x00000000e7c00000| Untracked 
| 125|0x00000000e7d00000, 0x00000000e7e00000, 0x00000000e7e00000|100%| O|  |TAMS 0x00000000e7e00000, 0x00000000e7d00000| Complete 
| 126|0x00000000e7e00000, 0x00000000e7f00000, 0x00000000e7f00000|100%| O|  |TAMS 0x00000000e7f00000, 0x00000000e7e00000| Complete 
| 127|0x00000000e7f00000, 0x00000000e7f00000, 0x00000000e8000000|  0%| F|  |TAMS 0x00000000e7f00000, 0x00000000e7f00000| Untracked 
| 128|0x00000000e8000000, 0x00000000e8100000, 0x00000000e8100000|100%| O|  |TAMS 0x00000000e8100000, 0x00000000e8000000| Untracked 
| 129|0x00000000e8100000, 0x00000000e8200000, 0x00000000e8200000|100%| O|  |TAMS 0x00000000e8200000, 0x00000000e8100000| Complete 
| 130|0x00000000e8200000, 0x00000000e8300000, 0x00000000e8300000|100%| O|  |TAMS 0x00000000e8300000, 0x00000000e8200000| Complete 
| 131|0x00000000e8300000, 0x00000000e8300000, 0x00000000e8400000|  0%| F|  |TAMS 0x00000000e8300000, 0x00000000e8300000| Untracked 
| 132|0x00000000e8400000, 0x00000000e8500000, 0x00000000e8500000|100%| O|  |TAMS 0x00000000e8500000, 0x00000000e8400000| Untracked 
| 133|0x00000000e8500000, 0x00000000e8600000, 0x00000000e8600000|100%| O|  |TAMS 0x00000000e8600000, 0x00000000e8500000| Untracked 
| 134|0x00000000e8600000, 0x00000000e8700000, 0x00000000e8700000|100%| O|  |TAMS 0x00000000e8700000, 0x00000000e8600000| Untracked 
| 135|0x00000000e8700000, 0x00000000e8800000, 0x00000000e8800000|100%| O|  |TAMS 0x00000000e8800000, 0x00000000e8700000| Complete 
| 136|0x00000000e8800000, 0x00000000e8800000, 0x00000000e8900000|  0%| F|  |TAMS 0x00000000e8800000, 0x00000000e8800000| Untracked 
| 137|0x00000000e8900000, 0x00000000e8a00000, 0x00000000e8a00000|100%| O|  |TAMS 0x00000000e8a00000, 0x00000000e8900000| Complete 
| 138|0x00000000e8a00000, 0x00000000e8a00000, 0x00000000e8b00000|  0%| F|  |TAMS 0x00000000e8a00000, 0x00000000e8a00000| Untracked 
| 139|0x00000000e8b00000, 0x00000000e8b00000, 0x00000000e8c00000|  0%| F|  |TAMS 0x00000000e8b00000, 0x00000000e8b00000| Untracked 
| 140|0x00000000e8c00000, 0x00000000e8d00000, 0x00000000e8d00000|100%| O|  |TAMS 0x00000000e8d00000, 0x00000000e8c00000| Complete 
| 141|0x00000000e8d00000, 0x00000000e8e00000, 0x00000000e8e00000|100%| O|  |TAMS 0x00000000e8e00000, 0x00000000e8d00000| Complete 
| 142|0x00000000e8e00000, 0x00000000e8e00000, 0x00000000e8f00000|  0%| F|  |TAMS 0x00000000e8e00000, 0x00000000e8e00000| Untracked 
| 143|0x00000000e8f00000, 0x00000000e8f00000, 0x00000000e9000000|  0%| F|  |TAMS 0x00000000e8f00000, 0x00000000e8f00000| Untracked 
| 144|0x00000000e9000000, 0x00000000e9100000, 0x00000000e9100000|100%| O|  |TAMS 0x00000000e9100000, 0x00000000e9000000| Complete 
| 145|0x00000000e9100000, 0x00000000e9200000, 0x00000000e9200000|100%| O|  |TAMS 0x00000000e9200000, 0x00000000e9100000| Complete 
| 146|0x00000000e9200000, 0x00000000e9200000, 0x00000000e9300000|  0%| F|  |TAMS 0x00000000e9200000, 0x00000000e9200000| Untracked 
| 147|0x00000000e9300000, 0x00000000e9300000, 0x00000000e9400000|  0%| F|  |TAMS 0x00000000e9300000, 0x00000000e9300000| Untracked 
| 148|0x00000000e9400000, 0x00000000e9500000, 0x00000000e9500000|100%| O|  |TAMS 0x00000000e9500000, 0x00000000e9400000| Complete 
| 149|0x00000000e9500000, 0x00000000e9600000, 0x00000000e9600000|100%| O|  |TAMS 0x00000000e9600000, 0x00000000e9500000| Complete 
| 150|0x00000000e9600000, 0x00000000e9700000, 0x00000000e9700000|100%| O|  |TAMS 0x00000000e9700000, 0x00000000e9600000| Complete 
| 151|0x00000000e9700000, 0x00000000e9700000, 0x00000000e9800000|  0%| F|  |TAMS 0x00000000e9700000, 0x00000000e9700000| Untracked 
| 152|0x00000000e9800000, 0x00000000e9900000, 0x00000000e9900000|100%| O|  |TAMS 0x00000000e9900000, 0x00000000e9800000| Complete 
| 153|0x00000000e9900000, 0x00000000e9a00000, 0x00000000e9a00000|100%| O|  |TAMS 0x00000000e99d7c00, 0x00000000e9900000| Untracked 
| 154|0x00000000e9a00000, 0x00000000e9a00000, 0x00000000e9b00000|  0%| F|  |TAMS 0x00000000e9a00000, 0x00000000e9a00000| Untracked 
| 155|0x00000000e9b00000, 0x00000000e9b00000, 0x00000000e9c00000|  0%| F|  |TAMS 0x00000000e9b00000, 0x00000000e9b00000| Untracked 
| 156|0x00000000e9c00000, 0x00000000e9d00000, 0x00000000e9d00000|100%| O|  |TAMS 0x00000000e9d00000, 0x00000000e9c00000| Complete 
| 157|0x00000000e9d00000, 0x00000000e9d00000, 0x00000000e9e00000|  0%| F|  |TAMS 0x00000000e9d00000, 0x00000000e9d00000| Untracked 
| 158|0x00000000e9e00000, 0x00000000e9e00000, 0x00000000e9f00000|  0%| F|  |TAMS 0x00000000e9e00000, 0x00000000e9e00000| Untracked 
| 159|0x00000000e9f00000, 0x00000000ea000000, 0x00000000ea000000|100%| O|  |TAMS 0x00000000ea000000, 0x00000000e9f00000| Complete 
| 160|0x00000000ea000000, 0x00000000ea000000, 0x00000000ea100000|  0%| F|  |TAMS 0x00000000ea000000, 0x00000000ea000000| Untracked 
| 161|0x00000000ea100000, 0x00000000ea100000, 0x00000000ea200000|  0%| F|  |TAMS 0x00000000ea100000, 0x00000000ea100000| Untracked 
| 162|0x00000000ea200000, 0x00000000ea300000, 0x00000000ea300000|100%| O|  |TAMS 0x00000000ea300000, 0x00000000ea200000| Complete 
| 163|0x00000000ea300000, 0x00000000ea400000, 0x00000000ea400000|100%| O|  |TAMS 0x00000000ea400000, 0x00000000ea300000| Complete 
| 164|0x00000000ea400000, 0x00000000ea400000, 0x00000000ea500000|  0%| F|  |TAMS 0x00000000ea400000, 0x00000000ea400000| Untracked 
| 165|0x00000000ea500000, 0x00000000ea600000, 0x00000000ea600000|100%| O|  |TAMS 0x00000000ea600000, 0x00000000ea500000| Complete 
| 166|0x00000000ea600000, 0x00000000ea700000, 0x00000000ea700000|100%| O|  |TAMS 0x00000000ea700000, 0x00000000ea600000| Complete 
| 167|0x00000000ea700000, 0x00000000ea700000, 0x00000000ea800000|  0%| F|  |TAMS 0x00000000ea700000, 0x00000000ea700000| Untracked 
| 168|0x00000000ea800000, 0x00000000ea800000, 0x00000000ea900000|  0%| F|  |TAMS 0x00000000ea800000, 0x00000000ea800000| Untracked 
| 169|0x00000000ea900000, 0x00000000eaa00000, 0x00000000eaa00000|100%| O|  |TAMS 0x00000000eaa00000, 0x00000000ea900000| Complete 
| 170|0x00000000eaa00000, 0x00000000eab00000, 0x00000000eab00000|100%| O|  |TAMS 0x00000000eab00000, 0x00000000eaa00000| Complete 
| 171|0x00000000eab00000, 0x00000000eac00000, 0x00000000eac00000|100%| O|  |TAMS 0x00000000eac00000, 0x00000000eab00000| Complete 
| 172|0x00000000eac00000, 0x00000000eac00000, 0x00000000ead00000|  0%| F|  |TAMS 0x00000000eac00000, 0x00000000eac00000| Untracked 
| 173|0x00000000ead00000, 0x00000000eae00000, 0x00000000eae00000|100%| O|  |TAMS 0x00000000eae00000, 0x00000000ead00000| Complete 
| 174|0x00000000eae00000, 0x00000000eae00000, 0x00000000eaf00000|  0%| F|  |TAMS 0x00000000eae00000, 0x00000000eae00000| Untracked 
| 175|0x00000000eaf00000, 0x00000000eaf00000, 0x00000000eb000000|  0%| F|  |TAMS 0x00000000eaf00000, 0x00000000eaf00000| Untracked 
| 176|0x00000000eb000000, 0x00000000eb000000, 0x00000000eb100000|  0%| F|  |TAMS 0x00000000eb000000, 0x00000000eb000000| Untracked 
| 177|0x00000000eb100000, 0x00000000eb100000, 0x00000000eb200000|  0%| F|  |TAMS 0x00000000eb100000, 0x00000000eb100000| Untracked 
| 178|0x00000000eb200000, 0x00000000eb200000, 0x00000000eb300000|  0%| F|  |TAMS 0x00000000eb200000, 0x00000000eb200000| Untracked 
| 179|0x00000000eb300000, 0x00000000eb300000, 0x00000000eb400000|  0%| F|  |TAMS 0x00000000eb300000, 0x00000000eb300000| Untracked 
| 180|0x00000000eb400000, 0x00000000eb500000, 0x00000000eb500000|100%| O|  |TAMS 0x00000000eb500000, 0x00000000eb400000| Complete 
| 181|0x00000000eb500000, 0x00000000eb500000, 0x00000000eb600000|  0%| F|  |TAMS 0x00000000eb500000, 0x00000000eb500000| Untracked 
| 182|0x00000000eb600000, 0x00000000eb700000, 0x00000000eb700000|100%| O|  |TAMS 0x00000000eb700000, 0x00000000eb600000| Complete 
| 183|0x00000000eb700000, 0x00000000eb800000, 0x00000000eb800000|100%| O|  |TAMS 0x00000000eb800000, 0x00000000eb700000| Complete 
| 184|0x00000000eb800000, 0x00000000eb800000, 0x00000000eb900000|  0%| F|  |TAMS 0x00000000eb800000, 0x00000000eb800000| Untracked 
| 185|0x00000000eb900000, 0x00000000eb900000, 0x00000000eba00000|  0%| F|  |TAMS 0x00000000eb900000, 0x00000000eb900000| Untracked 
| 186|0x00000000eba00000, 0x00000000eba00000, 0x00000000ebb00000|  0%| F|  |TAMS 0x00000000eba00000, 0x00000000eba00000| Untracked 
| 187|0x00000000ebb00000, 0x00000000ebc00000, 0x00000000ebc00000|100%|HS|  |TAMS 0x00000000ebc00000, 0x00000000ebb00000| Complete 
| 188|0x00000000ebc00000, 0x00000000ebd00000, 0x00000000ebd00000|100%|HC|  |TAMS 0x00000000ebd00000, 0x00000000ebc00000| Complete 
| 189|0x00000000ebd00000, 0x00000000ebe00000, 0x00000000ebe00000|100%| O|  |TAMS 0x00000000ebe00000, 0x00000000ebd00000| Complete 
| 190|0x00000000ebe00000, 0x00000000ebe00000, 0x00000000ebf00000|  0%| F|  |TAMS 0x00000000ebe00000, 0x00000000ebe00000| Untracked 
| 191|0x00000000ebf00000, 0x00000000ec000000, 0x00000000ec000000|100%| O|  |TAMS 0x00000000ec000000, 0x00000000ebf00000| Complete 
| 192|0x00000000ec000000, 0x00000000ec000000, 0x00000000ec100000|  0%| F|  |TAMS 0x00000000ec000000, 0x00000000ec000000| Untracked 
| 193|0x00000000ec100000, 0x00000000ec100000, 0x00000000ec200000|  0%| F|  |TAMS 0x00000000ec100000, 0x00000000ec100000| Untracked 
| 194|0x00000000ec200000, 0x00000000ec200000, 0x00000000ec300000|  0%| F|  |TAMS 0x00000000ec200000, 0x00000000ec200000| Untracked 
| 195|0x00000000ec300000, 0x00000000ec300000, 0x00000000ec400000|  0%| F|  |TAMS 0x00000000ec300000, 0x00000000ec300000| Untracked 
| 196|0x00000000ec400000, 0x00000000ec500000, 0x00000000ec500000|100%| O|  |TAMS 0x00000000ec500000, 0x00000000ec400000| Complete 
| 197|0x00000000ec500000, 0x00000000ec600000, 0x00000000ec600000|100%| O|  |TAMS 0x00000000ec600000, 0x00000000ec500000| Complete 
| 198|0x00000000ec600000, 0x00000000ec700000, 0x00000000ec700000|100%| O|  |TAMS 0x00000000ec700000, 0x00000000ec600000| Complete 
| 199|0x00000000ec700000, 0x00000000ec700000, 0x00000000ec800000|  0%| F|  |TAMS 0x00000000ec700000, 0x00000000ec700000| Untracked 
| 200|0x00000000ec800000, 0x00000000ec900000, 0x00000000ec900000|100%| O|  |TAMS 0x00000000ec900000, 0x00000000ec800000| Complete 
| 201|0x00000000ec900000, 0x00000000eca00000, 0x00000000eca00000|100%| O|  |TAMS 0x00000000eca00000, 0x00000000ec900000| Complete 
| 202|0x00000000eca00000, 0x00000000eca00000, 0x00000000ecb00000|  0%| F|  |TAMS 0x00000000eca00000, 0x00000000eca00000| Untracked 
| 203|0x00000000ecb00000, 0x00000000ecb00000, 0x00000000ecc00000|  0%| F|  |TAMS 0x00000000ecb00000, 0x00000000ecb00000| Untracked 
| 204|0x00000000ecc00000, 0x00000000ecc00000, 0x00000000ecd00000|  0%| F|  |TAMS 0x00000000ecc00000, 0x00000000ecc00000| Untracked 
| 205|0x00000000ecd00000, 0x00000000ecd00000, 0x00000000ece00000|  0%| F|  |TAMS 0x00000000ecd00000, 0x00000000ecd00000| Untracked 
| 206|0x00000000ece00000, 0x00000000ece00000, 0x00000000ecf00000|  0%| F|  |TAMS 0x00000000ece00000, 0x00000000ece00000| Untracked 
| 207|0x00000000ecf00000, 0x00000000ecf00000, 0x00000000ed000000|  0%| F|  |TAMS 0x00000000ecf00000, 0x00000000ecf00000| Untracked 
| 208|0x00000000ed000000, 0x00000000ed000000, 0x00000000ed100000|  0%| F|  |TAMS 0x00000000ed000000, 0x00000000ed000000| Untracked 
| 209|0x00000000ed100000, 0x00000000ed200000, 0x00000000ed200000|100%| O|  |TAMS 0x00000000ed200000, 0x00000000ed100000| Complete 
| 210|0x00000000ed200000, 0x00000000ed300000, 0x00000000ed300000|100%| O|  |TAMS 0x00000000ed300000, 0x00000000ed200000| Complete 
| 211|0x00000000ed300000, 0x00000000ed400000, 0x00000000ed400000|100%| O|  |TAMS 0x00000000ed400000, 0x00000000ed300000| Complete 
| 212|0x00000000ed400000, 0x00000000ed500000, 0x00000000ed500000|100%| O|  |TAMS 0x00000000ed500000, 0x00000000ed400000| Complete 
| 213|0x00000000ed500000, 0x00000000ed600000, 0x00000000ed600000|100%| O|  |TAMS 0x00000000ed600000, 0x00000000ed500000| Untracked 
| 214|0x00000000ed600000, 0x00000000ed700000, 0x00000000ed700000|100%| O|  |TAMS 0x00000000ed700000, 0x00000000ed600000| Untracked 
| 215|0x00000000ed700000, 0x00000000ed700000, 0x00000000ed800000|  0%| F|  |TAMS 0x00000000ed700000, 0x00000000ed700000| Untracked 
| 216|0x00000000ed800000, 0x00000000ed800000, 0x00000000ed900000|  0%| F|  |TAMS 0x00000000ed800000, 0x00000000ed800000| Untracked 
| 217|0x00000000ed900000, 0x00000000ed900000, 0x00000000eda00000|  0%| F|  |TAMS 0x00000000ed900000, 0x00000000ed900000| Untracked 
| 218|0x00000000eda00000, 0x00000000eda00000, 0x00000000edb00000|  0%| F|  |TAMS 0x00000000eda00000, 0x00000000eda00000| Untracked 
| 219|0x00000000edb00000, 0x00000000edb00000, 0x00000000edc00000|  0%| F|  |TAMS 0x00000000edb00000, 0x00000000edb00000| Untracked 
| 220|0x00000000edc00000, 0x00000000edc00000, 0x00000000edd00000|  0%| F|  |TAMS 0x00000000edc00000, 0x00000000edc00000| Untracked 
| 221|0x00000000edd00000, 0x00000000edd00000, 0x00000000ede00000|  0%| F|  |TAMS 0x00000000edd00000, 0x00000000edd00000| Untracked 
| 222|0x00000000ede00000, 0x00000000ede00000, 0x00000000edf00000|  0%| F|  |TAMS 0x00000000ede00000, 0x00000000ede00000| Untracked 
| 223|0x00000000edf00000, 0x00000000edf00000, 0x00000000ee000000|  0%| F|  |TAMS 0x00000000edf00000, 0x00000000edf00000| Untracked 
| 224|0x00000000ee000000, 0x00000000ee000000, 0x00000000ee100000|  0%| F|  |TAMS 0x00000000ee000000, 0x00000000ee000000| Untracked 
| 225|0x00000000ee100000, 0x00000000ee100000, 0x00000000ee200000|  0%| F|  |TAMS 0x00000000ee100000, 0x00000000ee100000| Untracked 
| 226|0x00000000ee200000, 0x00000000ee200000, 0x00000000ee300000|  0%| F|  |TAMS 0x00000000ee200000, 0x00000000ee200000| Untracked 
| 227|0x00000000ee300000, 0x00000000ee300000, 0x00000000ee400000|  0%| F|  |TAMS 0x00000000ee300000, 0x00000000ee300000| Untracked 
| 228|0x00000000ee400000, 0x00000000ee4ee080, 0x00000000ee500000| 92%| S|CS|TAMS 0x00000000ee400000, 0x00000000ee400000| Complete 
| 229|0x00000000ee500000, 0x00000000ee600000, 0x00000000ee600000|100%| S|CS|TAMS 0x00000000ee500000, 0x00000000ee500000| Complete 
| 230|0x00000000ee600000, 0x00000000ee700000, 0x00000000ee700000|100%| S|CS|TAMS 0x00000000ee600000, 0x00000000ee600000| Complete 
| 231|0x00000000ee700000, 0x00000000ee700000, 0x00000000ee800000|  0%| F|  |TAMS 0x00000000ee700000, 0x00000000ee700000| Untracked 
| 232|0x00000000ee800000, 0x00000000ee800000, 0x00000000ee900000|  0%| F|  |TAMS 0x00000000ee800000, 0x00000000ee800000| Untracked 
| 233|0x00000000ee900000, 0x00000000ee900000, 0x00000000eea00000|  0%| F|  |TAMS 0x00000000ee900000, 0x00000000ee900000| Untracked 
| 234|0x00000000eea00000, 0x00000000eea00000, 0x00000000eeb00000|  0%| F|  |TAMS 0x00000000eea00000, 0x00000000eea00000| Untracked 
| 235|0x00000000eeb00000, 0x00000000eeb00000, 0x00000000eec00000|  0%| F|  |TAMS 0x00000000eeb00000, 0x00000000eeb00000| Untracked 
| 236|0x00000000eec00000, 0x00000000eec00000, 0x00000000eed00000|  0%| F|  |TAMS 0x00000000eec00000, 0x00000000eec00000| Untracked 
| 237|0x00000000eed00000, 0x00000000eed00000, 0x00000000eee00000|  0%| F|  |TAMS 0x00000000eed00000, 0x00000000eed00000| Untracked 
| 238|0x00000000eee00000, 0x00000000eee00000, 0x00000000eef00000|  0%| F|  |TAMS 0x00000000eee00000, 0x00000000eee00000| Untracked 
| 239|0x00000000eef00000, 0x00000000eef00000, 0x00000000ef000000|  0%| F|  |TAMS 0x00000000eef00000, 0x00000000eef00000| Untracked 
| 240|0x00000000ef000000, 0x00000000ef000000, 0x00000000ef100000|  0%| F|  |TAMS 0x00000000ef000000, 0x00000000ef000000| Untracked 
| 241|0x00000000ef100000, 0x00000000ef100000, 0x00000000ef200000|  0%| F|  |TAMS 0x00000000ef100000, 0x00000000ef100000| Untracked 
| 242|0x00000000ef200000, 0x00000000ef200000, 0x00000000ef300000|  0%| F|  |TAMS 0x00000000ef200000, 0x00000000ef200000| Untracked 
| 243|0x00000000ef300000, 0x00000000ef300000, 0x00000000ef400000|  0%| F|  |TAMS 0x00000000ef300000, 0x00000000ef300000| Untracked 
| 244|0x00000000ef400000, 0x00000000ef400000, 0x00000000ef500000|  0%| F|  |TAMS 0x00000000ef400000, 0x00000000ef400000| Untracked 
| 245|0x00000000ef500000, 0x00000000ef500000, 0x00000000ef600000|  0%| F|  |TAMS 0x00000000ef500000, 0x00000000ef500000| Untracked 
| 246|0x00000000ef600000, 0x00000000ef600000, 0x00000000ef700000|  0%| F|  |TAMS 0x00000000ef600000, 0x00000000ef600000| Untracked 
| 247|0x00000000ef700000, 0x00000000ef700000, 0x00000000ef800000|  0%| F|  |TAMS 0x00000000ef700000, 0x00000000ef700000| Untracked 
| 248|0x00000000ef800000, 0x00000000ef800000, 0x00000000ef900000|  0%| F|  |TAMS 0x00000000ef800000, 0x00000000ef800000| Untracked 
| 249|0x00000000ef900000, 0x00000000ef900000, 0x00000000efa00000|  0%| F|  |TAMS 0x00000000ef900000, 0x00000000ef900000| Untracked 
| 250|0x00000000efa00000, 0x00000000efa00000, 0x00000000efb00000|  0%| F|  |TAMS 0x00000000efa00000, 0x00000000efa00000| Untracked 
| 251|0x00000000efb00000, 0x00000000efb00000, 0x00000000efc00000|  0%| F|  |TAMS 0x00000000efb00000, 0x00000000efb00000| Untracked 
| 252|0x00000000efc00000, 0x00000000efc00000, 0x00000000efd00000|  0%| F|  |TAMS 0x00000000efc00000, 0x00000000efc00000| Untracked 
| 253|0x00000000efd00000, 0x00000000efd00000, 0x00000000efe00000|  0%| F|  |TAMS 0x00000000efd00000, 0x00000000efd00000| Untracked 
| 254|0x00000000efe00000, 0x00000000efe00000, 0x00000000eff00000|  0%| F|  |TAMS 0x00000000efe00000, 0x00000000efe00000| Untracked 
| 255|0x00000000eff00000, 0x00000000eff3da38, 0x00000000f0000000| 24%| E|  |TAMS 0x00000000eff00000, 0x00000000eff00000| Complete 

Card table byte_map: [0x000002327d5d0000,0x000002327d6d0000] _byte_map_base: 0x000002327ced0000

Marking Bits (Prev, Next): (CMBitMap*) 0x000002326572b440, (CMBitMap*) 0x000002326572b408
 Prev Bits: [0x000002327dfd0000, 0x000002327e7d0000)
 Next Bits: [0x000002327d7d0000, 0x000002327dfd0000)

Polling page: 0x00000232657e0000

Metaspace:

Usage:
  Non-class:     88.83 MB capacity,    86.22 MB ( 97%) used,     2.30 MB (  3%) free+waste,   316.06 KB ( <1%) overhead. 
      Class:     13.24 MB capacity,    11.85 MB ( 89%) used,     1.25 MB (  9%) free+waste,   142.19 KB (  1%) overhead. 
       Both:    102.07 MB capacity,    98.06 MB ( 96%) used,     3.56 MB (  3%) free+waste,   458.25 KB ( <1%) overhead. 

Virtual space:
  Non-class space:       90.00 MB reserved,      88.84 MB ( 99%) committed 
      Class space:      248.00 MB reserved,      13.32 MB (  5%) committed 
             Both:      338.00 MB reserved,     102.16 MB ( 30%) committed 

Chunk freelists:
   Non-Class:  1.25 KB
       Class:  0 bytes
        Both:  1.25 KB

CodeHeap 'non-profiled nmethods': size=120000Kb used=16219Kb max_used=16219Kb free=103780Kb
 bounds [0x0000023275540000, 0x0000023276530000, 0x000002327ca70000]
CodeHeap 'profiled nmethods': size=120000Kb used=44591Kb max_used=44934Kb free=75408Kb
 bounds [0x000002326e010000, 0x0000023270cb0000, 0x0000023275540000]
CodeHeap 'non-nmethods': size=5760Kb used=2300Kb max_used=2364Kb free=3459Kb
 bounds [0x000002326da70000, 0x000002326dce0000, 0x000002326e010000]
 total_blobs=27847 nmethods=18758 adapters=809
 compilation: enabled
              stopped_count=0, restarted_count=0
 full_count=0

Compilation events (10 events):
Event: 65.267 Thread 0x000002327fbcd800 nmethod 21143 0x0000023276520f90 code [0x0000023276521420, 0x0000023276524998]
Event: 65.267 Thread 0x000002327fbcd800 21166       4       java.io.ObjectStreamClass$WeakClassKey::equals (42 bytes)
Event: 65.269 Thread 0x000002327fbcd800 nmethod 21166 0x0000023275b15d90 code [0x0000023275b15f20, 0x0000023275b16098]
Event: 65.269 Thread 0x000002327fbcd800 21179       4       sun.nio.fs.WindowsPath::toWindowsPath (32 bytes)
Event: 65.269 Thread 0x000002327fbcd800 nmethod 21179 0x0000023275b16d10 code [0x0000023275b16ea0, 0x0000023275b16f18]
Event: 65.269 Thread 0x000002327fbcd800 21151       4       java.io.ObjectStreamField::isPrimitive (23 bytes)
Event: 65.271 Thread 0x000002327fbcd800 nmethod 21151 0x0000023275b16910 code [0x0000023275b16aa0, 0x0000023275b16b98]
Event: 65.271 Thread 0x000002327fbcd800 21180       4       java.io.ObjectStreamClass::hasReadObjectMethod (17 bytes)
Event: 65.271 Thread 0x000002327fbcd800 nmethod 21180 0x0000023275b3f210 code [0x0000023275b3f3a0, 0x0000023275b3f438]
Event: 65.285 Thread 0x000002320f1fb800 nmethod 21178 0x0000023276526b10 code [0x0000023276526de0, 0x0000023276527b40]

GC Heap History (10 events):
Event: 60.465 GC heap before
{Heap before GC invocations=77 (full 0):
 garbage-first heap   total 262144K, used 223976K [0x00000000e0000000, 0x0000000100000000)
  region size 1024K, 13 young (13312K), 2 survivors (2048K)
 Metaspace       used 100189K, capacity 104259K, committed 104616K, reserved 346112K
  class space    used 12111K, capacity 13541K, committed 13644K, reserved 253952K
}
Event: 60.472 GC heap after
{Heap after GC invocations=78 (full 0):
 garbage-first heap   total 262144K, used 213267K [0x00000000e0000000, 0x0000000100000000)
  region size 1024K, 2 young (2048K), 2 survivors (2048K)
 Metaspace       used 100189K, capacity 104259K, committed 104616K, reserved 346112K
  class space    used 12111K, capacity 13541K, committed 13644K, reserved 253952K
}
Event: 60.644 GC heap before
{Heap before GC invocations=79 (full 0):
 garbage-first heap   total 262144K, used 222483K [0x00000000e0000000, 0x0000000100000000)
  region size 1024K, 14 young (14336K), 2 survivors (2048K)
 Metaspace       used 100189K, capacity 104259K, committed 104616K, reserved 346112K
  class space    used 12111K, capacity 13541K, committed 13644K, reserved 253952K
}
Event: 60.651 GC heap after
{Heap after GC invocations=80 (full 0):
 garbage-first heap   total 262144K, used 210917K [0x00000000e0000000, 0x0000000100000000)
  region size 1024K, 2 young (2048K), 2 survivors (2048K)
 Metaspace       used 100189K, capacity 104259K, committed 104616K, reserved 346112K
  class space    used 12111K, capacity 13541K, committed 13644K, reserved 253952K
}
Event: 61.780 GC heap before
{Heap before GC invocations=80 (full 0):
 garbage-first heap   total 262144K, used 220133K [0x00000000e0000000, 0x0000000100000000)
  region size 1024K, 12 young (12288K), 2 survivors (2048K)
 Metaspace       used 100192K, capacity 104259K, committed 104616K, reserved 346112K
  class space    used 12111K, capacity 13541K, committed 13644K, reserved 253952K
}
Event: 61.790 GC heap after
{Heap after GC invocations=81 (full 0):
 garbage-first heap   total 262144K, used 192562K [0x00000000e0000000, 0x0000000100000000)
  region size 1024K, 2 young (2048K), 2 survivors (2048K)
 Metaspace       used 100192K, capacity 104259K, committed 104616K, reserved 346112K
  class space    used 12111K, capacity 13541K, committed 13644K, reserved 253952K
}
Event: 64.352 GC heap before
{Heap before GC invocations=81 (full 0):
 garbage-first heap   total 262144K, used 203826K [0x00000000e0000000, 0x0000000100000000)
  region size 1024K, 15 young (15360K), 2 survivors (2048K)
 Metaspace       used 100192K, capacity 104259K, committed 104616K, reserved 346112K
  class space    used 12111K, capacity 13541K, committed 13644K, reserved 253952K
}
Event: 64.356 GC heap after
{Heap after GC invocations=82 (full 0):
 garbage-first heap   total 262144K, used 194113K [0x00000000e0000000, 0x0000000100000000)
  region size 1024K, 3 young (3072K), 3 survivors (3072K)
 Metaspace       used 100192K, capacity 104259K, committed 104616K, reserved 346112K
  class space    used 12111K, capacity 13541K, committed 13644K, reserved 253952K
}
Event: 65.247 GC heap before
{Heap before GC invocations=83 (full 0):
 garbage-first heap   total 262144K, used 193089K [0x00000000e0000000, 0x0000000100000000)
  region size 1024K, 25 young (25600K), 3 survivors (3072K)
 Metaspace       used 100418K, capacity 104520K, committed 104616K, reserved 346112K
  class space    used 12131K, capacity 13558K, committed 13644K, reserved 253952K
}
Event: 65.258 GC heap after
{Heap after GC invocations=84 (full 0):
 garbage-first heap   total 262144K, used 170724K [0x00000000e0000000, 0x0000000100000000)
  region size 1024K, 3 young (3072K), 3 survivors (3072K)
 Metaspace       used 100418K, capacity 104520K, committed 104616K, reserved 346112K
  class space    used 12131K, capacity 13558K, committed 13644K, reserved 253952K
}

Deoptimization events (10 events):
Event: 65.071 Thread 0x00000232085dd000 Uncommon trap: reason=unstable_if action=reinterpret pc=0x000002327643ede8 method=java.io.ObjectInputStream$HandleTable.finish(I)V @ 4 c2
Event: 65.071 Thread 0x00000232085dd000 Uncommon trap: reason=unstable_if action=reinterpret pc=0x00000232763d0dbc method=java.io.ObjectInputStream$HandleTable.markDependency(II)V @ 54 c2
Event: 65.071 Thread 0x00000232085dd000 Uncommon trap: reason=unstable_if action=reinterpret pc=0x000002327643ede8 method=java.io.ObjectInputStream$HandleTable.finish(I)V @ 4 c2
Event: 65.072 Thread 0x00000232085e5800 Uncommon trap: reason=unstable_if action=reinterpret pc=0x00000232764360cc method=java.io.ObjectInputStream$HandleTable.finish(I)V @ 4 c2
Event: 65.073 Thread 0x00000232085e6000 Uncommon trap: reason=unstable_if action=reinterpret pc=0x00000232764360cc method=java.io.ObjectInputStream$HandleTable.finish(I)V @ 4 c2
Event: 65.073 Thread 0x00000232085e6000 Uncommon trap: reason=unstable_if action=reinterpret pc=0x00000232763d0dbc method=java.io.ObjectInputStream$HandleTable.markDependency(II)V @ 54 c2
Event: 65.073 Thread 0x00000232085e6000 Uncommon trap: reason=unstable_if action=reinterpret pc=0x000002327643ede8 method=java.io.ObjectInputStream$HandleTable.finish(I)V @ 4 c2
Event: 65.155 Thread 0x00000232085e7000 Uncommon trap: reason=unstable_if action=reinterpret pc=0x0000023275dfc51c method=java.util.concurrent.locks.ReentrantReadWriteLock$Sync.tryReleaseShared(I)Z @ 134 c2
Event: 65.155 Thread 0x00000232085e6000 Uncommon trap: reason=unstable_if action=reinterpret pc=0x0000023275dfd498 method=java.util.concurrent.locks.ReentrantReadWriteLock$Sync.tryAcquireShared(I)I @ 60 c2
Event: 65.158 Thread 0x00000232085e4800 Uncommon trap: reason=unstable_if action=reinterpret pc=0x0000023275dfd498 method=java.util.concurrent.locks.ReentrantReadWriteLock$Sync.tryAcquireShared(I)I @ 60 c2

Classes redefined (0 events):
No events

Internal exceptions (10 events):
Event: 65.225 Thread 0x00000232085e5800 Exception <a 'sun/nio/fs/WindowsException'{0x00000000ee7f7720}> (0x00000000ee7f7720) thrown at [t:/workspace/open/src/hotspot/share/prims/jni.cpp, line 615]
Event: 65.225 Thread 0x00000232085e5800 Exception <a 'sun/nio/fs/WindowsException'{0x00000000ee7f8150}> (0x00000000ee7f8150) thrown at [t:/workspace/open/src/hotspot/share/prims/jni.cpp, line 615]
Event: 65.225 Thread 0x000002320439b800 Exception <a 'sun/nio/fs/WindowsException'{0x00000000ee8ecbd8}> (0x00000000ee8ecbd8) thrown at [t:/workspace/open/src/hotspot/share/prims/jni.cpp, line 615]
Event: 65.226 Thread 0x00000232085e7000 Exception <a 'sun/nio/fs/WindowsException'{0x00000000ee7f98f0}> (0x00000000ee7f98f0) thrown at [t:/workspace/open/src/hotspot/share/prims/jni.cpp, line 615]
Event: 65.226 Thread 0x000002320439b800 Exception <a 'sun/nio/fs/WindowsException'{0x00000000ee8ed5b8}> (0x00000000ee8ed5b8) thrown at [t:/workspace/open/src/hotspot/share/prims/jni.cpp, line 615]
Event: 65.226 Thread 0x00000232085e7000 Exception <a 'sun/nio/fs/WindowsException'{0x00000000ee7fa550}> (0x00000000ee7fa550) thrown at [t:/workspace/open/src/hotspot/share/prims/jni.cpp, line 615]
Event: 65.264 Thread 0x00000232085e4800 Exception <a 'sun/nio/fs/WindowsException'{0x00000000eff13458}> (0x00000000eff13458) thrown at [t:/workspace/open/src/hotspot/share/prims/jni.cpp, line 615]
Event: 65.264 Thread 0x000002320f1fe000 Exception <a 'sun/nio/fs/WindowsException'{0x00000000eff030d8}> (0x00000000eff030d8) thrown at [t:/workspace/open/src/hotspot/share/prims/jni.cpp, line 615]
Event: 65.264 Thread 0x00000232085e4800 Exception <a 'sun/nio/fs/WindowsException'{0x00000000eff2aff8}> (0x00000000eff2aff8) thrown at [t:/workspace/open/src/hotspot/share/prims/jni.cpp, line 615]
Event: 65.266 Thread 0x000002320f1fe000 Exception <a 'sun/nio/fs/WindowsException'{0x00000000eff03ae0}> (0x00000000eff03ae0) thrown at [t:/workspace/open/src/hotspot/share/prims/jni.cpp, line 615]

Events (10 events):
Event: 65.156 Thread 0x00000232085e6000 DEOPT UNPACKING pc=0x000002326da98f2f sp=0x0000008f230fe300 mode 2
Event: 65.158 loading class java/util/concurrent/locks/ReentrantReadWriteLock$Sync$HoldCounter
Event: 65.161 Thread 0x00000232085e4800 DEOPT PACKING pc=0x0000023275dfd498 sp=0x0000008f22efdfb0
Event: 65.161 Thread 0x00000232085e4800 DEOPT UNPACKING pc=0x000002326da98f2f sp=0x0000008f22efdf50 mode 2
Event: 65.169 Thread 0x00000232085e7000 DEOPT PACKING pc=0x0000023275dfc51c sp=0x0000008f231fdc70
Event: 65.170 loading class java/util/concurrent/locks/ReentrantReadWriteLock$Sync$HoldCounter done
Event: 65.172 Thread 0x00000232085e7000 DEOPT UNPACKING pc=0x000002326da98f2f sp=0x0000008f231fdc18 mode 2
Event: 65.224 Thread 0x000002320f1f9000 Thread added: 0x000002320f1f9000
Event: 65.246 Executing VM operation: G1CollectForAllocation
Event: 65.258 Executing VM operation: G1CollectForAllocation done


Dynamic libraries:
0x00007ff7bbfe0000 - 0x00007ff7bc025000 	C:\Users\Luis\AppData\Local\jdk-11.0.2\bin\java.exe
0x00007ffbfb430000 - 0x00007ffbfb626000 	C:\WINDOWS\SYSTEM32\ntdll.dll
0x00007ffbf9ed0000 - 0x00007ffbf9f8d000 	C:\WINDOWS\System32\KERNEL32.DLL
0x00007ffbf8db0000 - 0x00007ffbf9079000 	C:\WINDOWS\System32\KERNELBASE.dll
0x00007ffbfb0a0000 - 0x00007ffbfb240000 	C:\WINDOWS\System32\USER32.dll
0x00007ffbf8c20000 - 0x00007ffbf8c42000 	C:\WINDOWS\System32\win32u.dll
0x00007ffbfac70000 - 0x00007ffbfac9a000 	C:\WINDOWS\System32\GDI32.dll
0x00007ffbf9080000 - 0x00007ffbf9189000 	C:\WINDOWS\System32\gdi32full.dll
0x00007ffbf92c0000 - 0x00007ffbf935d000 	C:\WINDOWS\System32\msvcp_win.dll
0x00007ffbf9390000 - 0x00007ffbf9490000 	C:\WINDOWS\System32\ucrtbase.dll
0x00007ffbe24f0000 - 0x00007ffbe278b000 	C:\WINDOWS\WinSxS\amd64_microsoft.windows.common-controls_6595b64144ccf1df_6.0.19041.488_none_ca04af081b815d21\COMCTL32.dll
0x00007ffbfaca0000 - 0x00007ffbfad3e000 	C:\WINDOWS\System32\msvcrt.dll
0x00007ffbfac40000 - 0x00007ffbfac70000 	C:\WINDOWS\System32\IMM32.DLL
0x00007ffbe6470000 - 0x00007ffbe6486000 	C:\Users\Luis\AppData\Local\jdk-11.0.2\bin\vcruntime140.dll
0x00007ffbe63c0000 - 0x00007ffbe646a000 	C:\Users\Luis\AppData\Local\jdk-11.0.2\bin\msvcp140.dll
0x00007ffba6050000 - 0x00007ffba6b73000 	C:\Users\Luis\AppData\Local\jdk-11.0.2\bin\server\jvm.dll
0x00007ffbfa4f0000 - 0x00007ffbfa59c000 	C:\WINDOWS\System32\ADVAPI32.dll
0x00007ffbfa780000 - 0x00007ffbfa81c000 	C:\WINDOWS\System32\sechost.dll
0x00007ffbf9610000 - 0x00007ffbf973b000 	C:\WINDOWS\System32\RPCRT4.dll
0x00007ffbf9740000 - 0x00007ffbf9748000 	C:\WINDOWS\System32\PSAPI.DLL
0x00007ffbed350000 - 0x00007ffbed35a000 	C:\WINDOWS\SYSTEM32\VERSION.dll
0x00007ffbe1660000 - 0x00007ffbe1687000 	C:\WINDOWS\SYSTEM32\WINMM.dll
0x00007ffbf0300000 - 0x00007ffbf0309000 	C:\WINDOWS\SYSTEM32\WSOCK32.dll
0x00007ffbfa710000 - 0x00007ffbfa77b000 	C:\WINDOWS\System32\WS2_32.dll
0x00007ffbf74a0000 - 0x00007ffbf74b2000 	C:\WINDOWS\SYSTEM32\kernel.appcore.dll
0x00007ffbe63a0000 - 0x00007ffbe63b1000 	C:\Users\Luis\AppData\Local\jdk-11.0.2\bin\verify.dll
0x00007ffbf7170000 - 0x00007ffbf7354000 	C:\WINDOWS\SYSTEM32\DBGHELP.DLL
0x00007ffbe4410000 - 0x00007ffbe443c000 	C:\WINDOWS\SYSTEM32\dbgcore.DLL
0x00007ffbf91f0000 - 0x00007ffbf9270000 	C:\WINDOWS\System32\bcryptPrimitives.dll
0x00007ffbe6370000 - 0x00007ffbe6398000 	C:\Users\Luis\AppData\Local\jdk-11.0.2\bin\java.dll
0x00007ffbe6350000 - 0x00007ffbe6366000 	C:\Users\Luis\AppData\Local\jdk-11.0.2\bin\zip.dll
0x00007ffbefdb0000 - 0x00007ffbefdba000 	C:\Users\Luis\AppData\Local\jdk-11.0.2\bin\jimage.dll
0x00007ffbf9780000 - 0x00007ffbf9ec2000 	C:\WINDOWS\System32\SHELL32.dll
0x00007ffbf6900000 - 0x00007ffbf7095000 	C:\WINDOWS\SYSTEM32\windows.storage.dll
0x00007ffbfad40000 - 0x00007ffbfb096000 	C:\WINDOWS\System32\combase.dll
0x00007ffbf85e0000 - 0x00007ffbf860c000 	C:\WINDOWS\SYSTEM32\Wldp.dll
0x00007ffbfa660000 - 0x00007ffbfa70e000 	C:\WINDOWS\System32\SHCORE.dll
0x00007ffbfa5a0000 - 0x00007ffbfa5f5000 	C:\WINDOWS\System32\shlwapi.dll
0x00007ffbf8aa0000 - 0x00007ffbf8ac6000 	C:\WINDOWS\SYSTEM32\profapi.dll
0x00007ffbe62e0000 - 0x00007ffbe62f9000 	C:\Users\Luis\AppData\Local\jdk-11.0.2\bin\net.dll
0x00007ffbec2d0000 - 0x00007ffbec3d0000 	C:\WINDOWS\SYSTEM32\WINHTTP.dll
0x00007ffbe5760000 - 0x00007ffbe594d000 	C:\WINDOWS\SYSTEM32\urlmon.dll
0x00007ffbe53f0000 - 0x00007ffbe56a0000 	C:\WINDOWS\SYSTEM32\iertutil.dll
0x00007ffbf8360000 - 0x00007ffbf83ca000 	C:\WINDOWS\system32\mswsock.dll
0x00007ffbe35b0000 - 0x00007ffbe35c3000 	C:\Users\Luis\AppData\Local\jdk-11.0.2\bin\nio.dll
0x00007ffbe3580000 - 0x00007ffbe35aa000 	C:\Users\Luis\.gradle\native\36\windows-amd64\native-platform.dll
0x00007ffbee190000 - 0x00007ffbee199000 	C:\Users\Luis\AppData\Local\jdk-11.0.2\bin\management.dll
0x00007ffbedfc0000 - 0x00007ffbedfcc000 	C:\Users\Luis\AppData\Local\jdk-11.0.2\bin\management_ext.dll
0x00007ffbf8540000 - 0x00007ffbf8558000 	C:\WINDOWS\SYSTEM32\CRYPTSP.dll
0x00007ffbf7c80000 - 0x00007ffbf7cb4000 	C:\WINDOWS\system32\rsaenh.dll
0x00007ffbf9360000 - 0x00007ffbf9387000 	C:\WINDOWS\System32\bcrypt.dll
0x00007ffbf8a20000 - 0x00007ffbf8a4e000 	C:\WINDOWS\SYSTEM32\USERENV.dll
0x00007ffbf8530000 - 0x00007ffbf853c000 	C:\WINDOWS\SYSTEM32\CRYPTBASE.dll
0x00007ffbf8000000 - 0x00007ffbf803b000 	C:\WINDOWS\SYSTEM32\IPHLPAPI.DLL
0x00007ffbf9770000 - 0x00007ffbf9778000 	C:\WINDOWS\System32\NSI.dll
0x00007ffbede90000 - 0x00007ffbedea7000 	C:\WINDOWS\SYSTEM32\dhcpcsvc6.DLL
0x00007ffbee9b0000 - 0x00007ffbee9cd000 	C:\WINDOWS\SYSTEM32\dhcpcsvc.DLL
0x00007ffbf8050000 - 0x00007ffbf811b000 	C:\WINDOWS\SYSTEM32\DNSAPI.dll
0x00007ffbf78b0000 - 0x00007ffbf78e3000 	C:\WINDOWS\SYSTEM32\ntmarta.dll

dbghelp: loaded successfully - version: 4.0.5 - missing functions: none
symbol engine: initialized successfully - sym options: 0x614 - pdb path: .;C:\Users\Luis\AppData\Local\jdk-11.0.2\bin;C:\WINDOWS\SYSTEM32;C:\WINDOWS\WinSxS\amd64_microsoft.windows.common-controls_6595b64144ccf1df_6.0.19041.488_none_ca04af081b815d21;C:\Users\Luis\AppData\Local\jdk-11.0.2\bin\server;C:\Users\Luis\.gradle\native\36\windows-amd64

VM Arguments:
jvm_args: --add-opens=java.base/java.util=ALL-UNNAMED --add-opens=java.base/java.lang=ALL-UNNAMED --add-opens=java.base/java.lang.invoke=ALL-UNNAMED --add-opens=java.prefs/java.util.prefs=ALL-UNNAMED -XX:MaxMetaspaceSize=256m -XX:+HeapDumpOnOutOfMemoryError -Xms256m -Xmx512m -Dfile.encoding=windows-1252 -Duser.country=US -Duser.language=en -Duser.variant 
java_command: org.gradle.launcher.daemon.bootstrap.GradleDaemon 6.2
java_class_path (initial): C:\Users\Luis\.gradle\wrapper\dists\gradle-6.2-all\dvufqs6kielxeao781pmk5huj\gradle-6.2\lib\gradle-launcher-6.2.jar
Launcher Type: SUN_STANDARD

[Global flags]
     intx CICompilerCount                          = 4                                         {product} {ergonomic}
   size_t CompressedClassSpaceSize                 = 260046848                                 {product} {ergonomic}
     uint ConcGCThreads                            = 2                                         {product} {ergonomic}
     uint G1ConcRefinementThreads                  = 8                                         {product} {ergonomic}
   size_t G1HeapRegionSize                         = 1048576                                   {product} {ergonomic}
    uintx GCDrainStackTargetSize                   = 64                                        {product} {ergonomic}
     bool HeapDumpOnOutOfMemoryError               = true                                   {manageable} {command line}
   size_t InitialHeapSize                          = 268435456                                 {product} {command line}
   size_t MarkStackSize                            = 4194304                                   {product} {ergonomic}
   size_t MaxHeapSize                              = 536870912                                 {product} {command line}
   size_t MaxMetaspaceSize                         = 268435456                                 {product} {command line}
   size_t MaxNewSize                               = 321912832                                 {product} {ergonomic}
   size_t MinHeapDeltaBytes                        = 1048576                                   {product} {ergonomic}
    uintx NonNMethodCodeHeapSize                   = 5835340                                {pd product} {ergonomic}
    uintx NonProfiledCodeHeapSize                  = 122911450                              {pd product} {ergonomic}
    uintx ProfiledCodeHeapSize                     = 122911450                              {pd product} {ergonomic}
    uintx ReservedCodeCacheSize                    = 251658240                              {pd product} {ergonomic}
     bool SegmentedCodeCache                       = true                                      {product} {ergonomic}
     bool UseCompressedClassPointers               = true                                 {lp64_product} {ergonomic}
     bool UseCompressedOops                        = true                                 {lp64_product} {ergonomic}
     bool UseG1GC                                  = true                                      {product} {ergonomic}
     bool UseLargePagesIndividualAllocation        = false                                  {pd product} {ergonomic}

Logging:
Log output configuration:
 #0: stdout all=warning uptime,level,tags
 #1: stderr all=off uptime,level,tags

Environment Variables:
JAVA_HOME=C:\Users\Luis\AppData\Local\jdk-11.0.2
CLASSPATH=D:\Proyectos\ReactNative\Pronosticods\v1\Pronosticods-v1\android\\gradle\wrapper\gradle-wrapper.jar
PATH=C:\Users\Luis\AppData\Roaming\npm\node_modules\npm\node_modules\npm-lifecycle\node-gyp-bin;D:\Proyectos\ReactNative\Pronosticods\v1\Pronosticods-v1\node_modules\.bin;C:\Program Files\Git\mingw64\bin;C:\Program Files\Git\usr\bin;C:\Users\Luis\bin;C:\Python39\Scripts;C:\Python39;C:\Program Files (x86)\Common Files\Oracle\Java\javapath;C:\Python27;C:\Python27\Scripts;C:\WINDOWS\system32;C:\WINDOWS;C:\WINDOWS\System32\Wbem;C:\WINDOWS\System32\WindowsPowerShell\v1.0;C:\WINDOWS\System32\OpenSSH;C:\ProgramData\chocolatey\bin;C:\Program Files\Java\jdk1.8.0_211\bin;C:\Program Files (x86)\Yarn\bin;C:\Program Files\Git\cmd;C:\Program Files\PuTTY;C:\Users\Luis\AppData\Local\jdk-11.0.2\bin;C:\Users\Luis\AppData\Local\Microsoft\WindowsApps;C:\Users\Luis\AppData\Local\Programs\Microsoft VS Code\bin;C:\Users\Luis\AppData\Roaming\npm;C:\Users\Luis\AppData\Local\Android\Sdk\platform-tools;C:\Users\Luis\AppData\Local\Yarn\bin;C:\adb;C:\Program Files\nodejs;C:\Go\bin;C:\Users\Luis\AppData\Local\jdk-11.0.2\bin;C:\Users\Luis\AppData\Local\Microsoft\WindowsApps;C:\Users\Luis\AppData\Local\Programs\Microsoft VS Code\bin;C:\Users\Luis\AppData\Local\Android\Sdk\platform-tools;C:\Users\Luis\AppData\Local\Yarn\bin;C:\Users\Luis\AppData\Roaming\npm;C:\Users\Luis\go\bin
USERNAME=Luis
OS=Windows_NT
PROCESSOR_IDENTIFIER=Intel64 Family 6 Model 142 Stepping 12, GenuineIntel



---------------  S Y S T E M  ---------------

OS: Windows 10 , 64 bit Build 19041 (10.0.19041.662)

CPU:total 8 (initial active 8) (4 cores per cpu, 2 threads per core) family 6 model 142 stepping 12, cmov, cx8, fxsr, mmx, sse, sse2, sse3, ssse3, sse4.1, sse4.2, popcnt, avx, avx2, aes, clmul, erms, 3dnowpref, lzcnt, ht, tsc, tscinvbit, bmi1, bmi2, adx, fma

Memory: 4k page, system-wide physical 8005M (357M free)
TotalPageFile size 12005M (AvailPageFile size 0M)
current process WorkingSet (physical memory assigned to process): 398M, peak: 611M
current process commit charge ("private bytes"): 630M, peak: 650M

vm_info: OpenJDK 64-Bit Server VM (11.0.2+9) for windows-amd64 JRE (11.0.2+9), built on Jan 18 2019 05:23:22 by "mach5one" with MS VC++ 15.5 (VS2017)

END.
